<?xml version="1.0" encoding="UTF-8"?>
<testng-results ignored="0" total="2" passed="2" failed="0" skipped="0">
  <reporter-output>
  </reporter-output>
  <suite started-at="2024-11-30T12:46:32 IST" name="Default suite" finished-at="2024-11-30T12:47:07 IST" duration-ms="35129">
    <groups>
    </groups>
    <test started-at="2024-11-30T12:46:32 IST" name="Default test" finished-at="2024-11-30T12:47:07 IST" duration-ms="35129">
      <class name="SquareIT.SeleniumFramework2.E2ETest2">
        <test-method signature="endToEndTest(java.lang.String,java.lang.String)[pri:0, instance:SquareIT.SeleniumFramework2.E2ETest2@1a451d4d]" started-at="2024-11-30T12:46:32 IST" name="endToEndTest" data-provider="getData" finished-at="2024-11-30T12:46:48 IST" duration-ms="16065" status="PASS">
          <params>
            <param index="0">
              <value>
                <![CDATA[savalkarprashant14@gmail.com]]>
              </value>
            </param>
            <param index="1">
              <value>
                <![CDATA[Prashant@123]]>
              </value>
            </param>
          </params>
          <reporter-output>
          </reporter-output>
        </test-method> <!-- endToEndTest -->
        <test-method signature="endToEndTest(java.lang.String,java.lang.String)[pri:0, instance:SquareIT.SeleniumFramework2.E2ETest2@1a451d4d]" started-at="2024-11-30T12:46:48 IST" name="endToEndTest" data-provider="getData" finished-at="2024-11-30T12:47:07 IST" duration-ms="19016" status="PASS">
          <params>
            <param index="0">
              <value>
                <![CDATA[prashantsavalkar1412@gmail.com]]>
              </value>
            </param>
            <param index="1">
              <value>
                <![CDATA[Prashant@1234]]>
              </value>
            </param>
          </params>
          <reporter-output>
          </reporter-output>
        </test-method> <!-- endToEndTest -->
      </class> <!-- SquareIT.SeleniumFramework2.E2ETest2 -->
    </test> <!-- Default test -->
  </suite> <!-- Default suite -->
</testng-results>
