<?xml version="1.0" encoding="UTF-8"?>
<!-- Generated by org.testng.reporters.JUnitReportReporter -->
<testsuite hostname="LAPTOP-QHAAC6A6" failures="0" tests="1" name="cucumber.TestNGTestRunner" time="0.124" errors="1" timestamp="2024-11-29T21:42:01 IST" skipped="0">
  <testcase classname="cucumber.TestNGTestRunner" name="runScenario" time="0.124">
    <error message="Cannot invoke &quot;SquareIT.SeleniumFramework2.LoginPage.LoginAction(String, String)&quot; because &quot;this.login&quot; is null" type="java.lang.NullPointerException">
      <![CDATA[java.lang.NullPointerException: Cannot invoke "SquareIT.SeleniumFramework2.LoginPage.LoginAction(String, String)" because "this.login" is null
at SquareIT.stepDefinitions.E2ESteps.Login_with_username_and_password(E2ESteps.java:35)
at ✽.Login with username savalkarprashant14@gmail.com and password Prashant@123(file:///C:/Users/Prashant%20Savalkar/eclipse-workspace/SeleniumFramework2/src/test/java/cucumber/E2ETest.feature:7)
]]>
    </error>
  </testcase> <!-- runScenario -->
  <system-out/>
</testsuite> <!-- cucumber.TestNGTestRunner -->
